<?xml version="1.0" encoding="MacRoman" standalone="no"?>
<!DOCTYPE log SYSTEM "logger.dtd">
<log>
<record>
  <date>2012-05-04T16:34:52</date>
  <millis>1336174492071</millis>
  <sequence>0</sequence>
  <logger>org.apache.cxf.phase.PhaseInterceptorChain</logger>
  <level>WARNING</level>
  <class>org.apache.cxf.phase.PhaseInterceptorChain</class>
  <method>doDefaultLogging</method>
  <thread>10</thread>
  <message>Application {http://customer.ps.iona.com/}CustomerService#{http://customer.ps.iona.com/}findCustomerByName has thrown exception, unwinding now</message>
  <exception>
    <message>org.apache.cxf.interceptor.Fault: object is not an instance of declaring class while invoking public abstract com.iona.ps.customer.Customer com.iona.ps.customer.CustomerService.findCustomerByName(java.lang.String,java.lang.String) with params [christian, posta].</message>
    <frame>
      <class>org.apache.cxf.service.invoker.AbstractInvoker</class>
      <method>createFault</method>
      <line>159</line>
    </frame>
    <frame>
      <class>org.apache.cxf.service.invoker.AbstractInvoker</class>
      <method>invoke</method>
      <line>133</line>
    </frame>
    <frame>
      <class>org.apache.cxf.service.invoker.AbstractInvoker</class>
      <method>invoke</method>
      <line>75</line>
    </frame>
    <frame>
      <class>org.apache.cxf.interceptor.ServiceInvokerInterceptor$1</class>
      <method>run</method>
      <line>58</line>
    </frame>
    <frame>
      <class>java.util.concurrent.Executors$RunnableAdapter</class>
      <method>call</method>
      <line>441</line>
    </frame>
    <frame>
      <class>java.util.concurrent.FutureTask$Sync</class>
      <method>innerRun</method>
      <line>303</line>
    </frame>
    <frame>
      <class>java.util.concurrent.FutureTask</class>
      <method>run</method>
      <line>138</line>
    </frame>
    <frame>
      <class>org.apache.cxf.workqueue.SynchronousExecutor</class>
      <method>execute</method>
      <line>37</line>
    </frame>
    <frame>
      <class>org.apache.cxf.interceptor.ServiceInvokerInterceptor</class>
      <method>handleMessage</method>
      <line>106</line>
    </frame>
    <frame>
      <class>org.apache.cxf.phase.PhaseInterceptorChain</class>
      <method>doIntercept</method>
      <line>263</line>
    </frame>
    <frame>
      <class>org.apache.cxf.transport.ChainInitiationObserver</class>
      <method>onMessage</method>
      <line>123</line>
    </frame>
    <frame>
      <class>org.apache.cxf.transport.http_jetty.JettyHTTPDestination</class>
      <method>serviceRequest</method>
      <line>323</line>
    </frame>
    <frame>
      <class>org.apache.cxf.transport.http_jetty.JettyHTTPDestination</class>
      <method>doService</method>
      <line>289</line>
    </frame>
    <frame>
      <class>org.apache.cxf.transport.http_jetty.JettyHTTPHandler</class>
      <method>handle</method>
      <line>72</line>
    </frame>
    <frame>
      <class>org.eclipse.jetty.server.handler.ContextHandler</class>
      <method>doHandle</method>
      <line>943</line>
    </frame>
    <frame>
      <class>org.eclipse.jetty.server.handler.ContextHandler</class>
      <method>doScope</method>
      <line>879</line>
    </frame>
    <frame>
      <class>org.eclipse.jetty.server.handler.ScopedHandler</class>
      <method>handle</method>
      <line>117</line>
    </frame>
    <frame>
      <class>org.eclipse.jetty.server.handler.ContextHandlerCollection</class>
      <method>handle</method>
      <line>250</line>
    </frame>
    <frame>
      <class>org.eclipse.jetty.server.handler.HandlerWrapper</class>
      <method>handle</method>
      <line>110</line>
    </frame>
    <frame>
      <class>org.eclipse.jetty.server.Server</class>
      <method>handle</method>
      <line>349</line>
    </frame>
    <frame>
      <class>org.eclipse.jetty.server.HttpConnection</class>
      <method>handleRequest</method>
      <line>441</line>
    </frame>
    <frame>
      <class>org.eclipse.jetty.server.HttpConnection$RequestHandler</class>
      <method>content</method>
      <line>936</line>
    </frame>
    <frame>
      <class>org.eclipse.jetty.http.HttpParser</class>
      <method>parseNext</method>
      <line>801</line>
    </frame>
    <frame>
      <class>org.eclipse.jetty.http.HttpParser</class>
      <method>parseAvailable</method>
      <line>224</line>
    </frame>
    <frame>
      <class>org.eclipse.jetty.server.AsyncHttpConnection</class>
      <method>handle</method>
      <line>51</line>
    </frame>
    <frame>
      <class>org.eclipse.jetty.io.nio.SelectChannelEndPoint</class>
      <method>handle</method>
      <line>586</line>
    </frame>
    <frame>
      <class>org.eclipse.jetty.io.nio.SelectChannelEndPoint$1</class>
      <method>run</method>
      <line>44</line>
    </frame>
    <frame>
      <class>org.eclipse.jetty.util.thread.QueuedThreadPool</class>
      <method>runJob</method>
      <line>598</line>
    </frame>
    <frame>
      <class>org.eclipse.jetty.util.thread.QueuedThreadPool$3</class>
      <method>run</method>
      <line>533</line>
    </frame>
    <frame>
      <class>java.lang.Thread</class>
      <method>run</method>
      <line>680</line>
    </frame>
  </exception>
</record>
</log>
